# JRE version: Java(TM) SE Runtime Environment (7.0_67-b01) (build 1.7.0_67-b01)
# Java VM: Java HotSpot(TM) Client VM (24.65-b04 mixed mode windows-x86 )
Heap
 def new generation   total 127808K, used 57172K [0x04400000, 0x0cea0000, 0x17000000)
  eden space 113664K,  47% used [0x04400000, 0x0786f4c0, 0x0b300000)
  from space 14144K,  24% used [0x0b300000, 0x0b665be8, 0x0c0d0000)
  to   space 14144K,   0% used [0x0c0d0000, 0x0c0d0000, 0x0cea0000)
 tenured generation   total 282784K, used 207653K [0x17000000, 0x28428000, 0x3c800000)
   the space 282784K,  73% used [0x17000000, 0x23ac96f8, 0x23ac9800, 0x28428000)
 compacting perm gen  total 122880K, used 67279K [0x3c800000, 0x44000000, 0x49000000)
   the space 122880K,  54% used [0x3c800000, 0x409b3fc8, 0x409b4000, 0x44000000)
GC Heap History (10 events):
Event: 61.187 GC heap before
{Heap before GC invocations=281 (full 7):
 def new generation   total 127808K, used 119298K [0x04400000, 0x0cea0000, 0x17000000)
  eden space 113664K, 100% used [0x04400000, 0x0b300000, 0x0b300000)
  from space 14144K,  39% used [0x0c0d0000, 0x0c650a28, 0x0cea0000)
  to   space 14144K,   0% used [0x0b300000, 0x0b300000, 0x0c0d0000)
 tenured generation   total 282784K, used 197735K [0x17000000, 0x28428000, 0x3c800000)
   the space 282784K,  69% used [0x17000000, 0x23119f28, 0x2311a000, 0x28428000)
 compacting perm gen  total 122880K, used 63162K [0x3c800000, 0x44000000, 0x49000000)
   the space 122880K,  51% used [0x3c800000, 0x405ae840, 0x405aea00, 0x44000000)
No shared spaces configured.
Event: 61.210 GC heap after
Heap after GC invocations=282 (full 7):
 def new generation   total 127808K, used 10961K [0x04400000, 0x0cea0000, 0x17000000)
  eden space 113664K,   0% used [0x04400000, 0x04400000, 0x0b300000)
  from space 14144K,  77% used [0x0b300000, 0x0bdb4600, 0x0c0d0000)
  to   space 14144K,   0% used [0x0c0d0000, 0x0c0d0000, 0x0cea0000)
 tenured generation   total 282784K, used 197735K [0x17000000, 0x28428000, 0x3c800000)
   the space 282784K,  69% used [0x17000000, 0x23119f28, 0x2311a000, 0x28428000)
 compacting perm gen  total 122880K, used 63162K [0x3c800000, 0x44000000, 0x49000000)
   the space 122880K,  51% used [0x3c800000, 0x405ae840, 0x405aea00, 0x44000000)
No shared spaces configured.
}
Event: 69.110 GC heap before
{Heap before GC invocations=282 (full 7):
 def new generation   total 127808K, used 124625K [0x04400000, 0x0cea0000, 0x17000000)
  eden space 113664K, 100% used [0x04400000, 0x0b300000, 0x0b300000)
  from space 14144K,  77% used [0x0b300000, 0x0bdb4600, 0x0c0d0000)
  to   space 14144K,   0% used [0x0c0d0000, 0x0c0d0000, 0x0cea0000)
 tenured generation   total 282784K, used 197735K [0x17000000, 0x28428000, 0x3c800000)
   the space 282784K,  69% used [0x17000000, 0x23119f28, 0x2311a000, 0x28428000)
 compacting perm gen  total 122880K, used 65463K [0x3c800000, 0x44000000, 0x49000000)
   the space 122880K,  53% used [0x3c800000, 0x407edeb0, 0x407ee000, 0x44000000)
No shared spaces configured.
Event: 69.146 GC heap after
Heap after GC invocations=283 (full 7):
 def new generation   total 127808K, used 10720K [0x04400000, 0x0cea0000, 0x17000000)
  eden space 113664K,   0% used [0x04400000, 0x04400000, 0x0b300000)
  from space 14144K,  75% used [0x0c0d0000, 0x0cb482f8, 0x0cea0000)
  to   space 14144K,   0% used [0x0b300000, 0x0b300000, 0x0c0d0000)
 tenured generation   total 282784K, used 201998K [0x17000000, 0x28428000, 0x3c800000)
   the space 282784K,  71% used [0x17000000, 0x23543800, 0x23543800, 0x28428000)
 compacting perm gen  total 122880K, used 65463K [0x3c800000, 0x44000000, 0x49000000)
   the space 122880K,  53% used [0x3c800000, 0x407edeb0, 0x407ee000, 0x44000000)
No shared spaces configured.
}
Event: 69.939 GC heap before
{Heap before GC invocations=283 (full 7):
 def new generation   total 127808K, used 124384K [0x04400000, 0x0cea0000, 0x17000000)
  eden space 113664K, 100% used [0x04400000, 0x0b300000, 0x0b300000)
  from space 14144K,  75% used [0x0c0d0000, 0x0cb482f8, 0x0cea0000)
  to   space 14144K,   0% used [0x0b300000, 0x0b300000, 0x0c0d0000)
 tenured generation   total 282784K, used 201998K [0x17000000, 0x28428000, 0x3c800000)
   the space 282784K,  71% used [0x17000000, 0x23543800, 0x23543800, 0x28428000)
 compacting perm gen  total 122880K, used 66737K [0x3c800000, 0x44000000, 0x49000000)
   the space 122880K,  54% used [0x3c800000, 0x4092c630, 0x4092c800, 0x44000000)
No shared spaces configured.
Event: 69.967 GC heap after
Heap after GC invocations=284 (full 7):
 def new generation   total 127808K, used 4241K [0x04400000, 0x0cea0000, 0x17000000)
  eden space 113664K,   0% used [0x04400000, 0x04400000, 0x0b300000)
  from space 14144K,  29% used [0x0b300000, 0x0b7247f8, 0x0c0d0000)
  to   space 14144K,   0% used [0x0c0d0000, 0x0c0d0000, 0x0cea0000)
 tenured generation   total 282784K, used 207653K [0x17000000, 0x28428000, 0x3c800000)
   the space 282784K,  73% used [0x17000000, 0x23ac96f8, 0x23ac9800, 0x28428000)
 compacting perm gen  total 122880K, used 66737K [0x3c800000, 0x44000000, 0x49000000)
   the space 122880K,  54% used [0x3c800000, 0x4092c630, 0x4092c800, 0x44000000)
No shared spaces configured.
}
Event: 70.766 GC heap before
{Heap before GC invocations=284 (full 7):
 def new generation   total 127808K, used 117905K [0x04400000, 0x0cea0000, 0x17000000)
  eden space 113664K, 100% used [0x04400000, 0x0b300000, 0x0b300000)
  from space 14144K,  29% used [0x0b300000, 0x0b7247f8, 0x0c0d0000)
  to   space 14144K,   0% used [0x0c0d0000, 0x0c0d0000, 0x0cea0000)
 tenured generation   total 282784K, used 207653K [0x17000000, 0x28428000, 0x3c800000)
   the space 282784K,  73% used [0x17000000, 0x23ac96f8, 0x23ac9800, 0x28428000)
 compacting perm gen  total 122880K, used 67185K [0x3c800000, 0x44000000, 0x49000000)
   the space 122880K,  54% used [0x3c800000, 0x4099c570, 0x4099c600, 0x44000000)
No shared spaces configured.
Event: 70.779 GC heap after
Heap after GC invocations=285 (full 7):
 def new generation   total 127808K, used 4135K [0x04400000, 0x0cea0000, 0x17000000)
  eden space 113664K,   0% used [0x04400000, 0x04400000, 0x0b300000)
  from space 14144K,  29% used [0x0c0d0000, 0x0c4d9f98, 0x0cea0000)
  to   space 14144K,   0% used [0x0b300000, 0x0b300000, 0x0c0d0000)
 tenured generation   total 282784K, used 207653K [0x17000000, 0x28428000, 0x3c800000)
   the space 282784K,  73% used [0x17000000, 0x23ac96f8, 0x23ac9800, 0x28428000)
 compacting perm gen  total 122880K, used 67185K [0x3c800000, 0x44000000, 0x49000000)
   the space 122880K,  54% used [0x3c800000, 0x4099c570, 0x4099c600, 0x44000000)
No shared spaces configured.
}
Event: 180.868 GC heap before
{Heap before GC invocations=285 (full 7):
 def new generation   total 127808K, used 117799K [0x04400000, 0x0cea0000, 0x17000000)
  eden space 113664K, 100% used [0x04400000, 0x0b300000, 0x0b300000)
  from space 14144K,  29% used [0x0c0d0000, 0x0c4d9f98, 0x0cea0000)
  to   space 14144K,   0% used [0x0b300000, 0x0b300000, 0x0c0d0000)
 tenured generation   total 282784K, used 207653K [0x17000000, 0x28428000, 0x3c800000)
   the space 282784K,  73% used [0x17000000, 0x23ac96f8, 0x23ac9800, 0x28428000)
 compacting perm gen  total 122880K, used 67279K [0x3c800000, 0x44000000, 0x49000000)
   the space 122880K,  54% used [0x3c800000, 0x409b3f68, 0x409b4000, 0x44000000)
No shared spaces configured.
Event: 180.880 GC heap after
Heap after GC invocations=286 (full 7):
 def new generation   total 127808K, used 3478K [0x04400000, 0x0cea0000, 0x17000000)
  eden space 113664K,   0% used [0x04400000, 0x04400000, 0x0b300000)
  from space 14144K,  24% used [0x0b300000, 0x0b665be8, 0x0c0d0000)
  to   space 14144K,   0% used [0x0c0d0000, 0x0c0d0000, 0x0cea0000)
 tenured generation   total 282784K, used 207653K [0x17000000, 0x28428000, 0x3c800000)
   the space 282784K,  73% used [0x17000000, 0x23ac96f8, 0x23ac9800, 0x28428000)
 compacting perm gen  total 122880K, used 67279K [0x3c800000, 0x44000000, 0x49000000)
   the space 122880K,  54% used [0x3c800000, 0x409b3f68, 0x409b4000, 0x44000000)
No shared spaces configured.
}

