# JRE version: Java(TM) SE Runtime Environment (7.0_67-b01) (build 1.7.0_67-b01)
# Java VM: Java HotSpot(TM) Client VM (24.65-b04 mixed mode windows-x86 )
Heap
 def new generation   total 110784K, used 57413K [0x04400000, 0x0bc30000, 0x17000000)
  eden space 98496K,  53% used [0x04400000, 0x0777cd50, 0x0a430000)
  from space 12288K,  38% used [0x0a430000, 0x0a8c4a28, 0x0b030000)
  to   space 12288K,   0% used [0x0b030000, 0x0b030000, 0x0bc30000)
 tenured generation   total 245336K, used 189320K [0x17000000, 0x25f96000, 0x3c800000)
   the space 245336K,  77% used [0x17000000, 0x228e23a8, 0x228e2400, 0x25f96000)
 compacting perm gen  total 122880K, used 57693K [0x3c800000, 0x44000000, 0x49000000)
   the space 122880K,  46% used [0x3c800000, 0x40057478, 0x40057600, 0x44000000)
GC Heap History (10 events):
Event: 2385.398 GC heap before
{Heap before GC invocations=277 (full 7):
 def new generation   total 110784K, used 103896K [0x04400000, 0x0bc30000, 0x17000000)
  eden space 98496K, 100% used [0x04400000, 0x0a430000, 0x0a430000)
  from space 12288K,  43% used [0x0b030000, 0x0b5761a8, 0x0bc30000)
  to   space 12288K,   0% used [0x0a430000, 0x0a430000, 0x0b030000)
 tenured generation   total 245336K, used 187149K [0x17000000, 0x25f96000, 0x3c800000)
   the space 245336K,  76% used [0x17000000, 0x226c3650, 0x226c3800, 0x25f96000)
 compacting perm gen  total 122880K, used 55508K [0x3c800000, 0x44000000, 0x49000000)
   the space 122880K,  45% used [0x3c800000, 0x3fe353d8, 0x3fe35400, 0x44000000)
No shared spaces configured.
Event: 2385.423 GC heap after
Heap after GC invocations=278 (full 7):
 def new generation   total 110784K, used 6339K [0x04400000, 0x0bc30000, 0x17000000)
  eden space 98496K,   0% used [0x04400000, 0x04400000, 0x0a430000)
  from space 12288K,  51% used [0x0a430000, 0x0aa60fa8, 0x0b030000)
  to   space 12288K,   0% used [0x0b030000, 0x0b030000, 0x0bc30000)
 tenured generation   total 245336K, used 187149K [0x17000000, 0x25f96000, 0x3c800000)
   the space 245336K,  76% used [0x17000000, 0x226c3650, 0x226c3800, 0x25f96000)
 compacting perm gen  total 122880K, used 55508K [0x3c800000, 0x44000000, 0x49000000)
   the space 122880K,  45% used [0x3c800000, 0x3fe353d8, 0x3fe35400, 0x44000000)
No shared spaces configured.
}
Event: 2533.032 GC heap before
{Heap before GC invocations=278 (full 7):
 def new generation   total 110784K, used 104835K [0x04400000, 0x0bc30000, 0x17000000)
  eden space 98496K, 100% used [0x04400000, 0x0a430000, 0x0a430000)
  from space 12288K,  51% used [0x0a430000, 0x0aa60fa8, 0x0b030000)
  to   space 12288K,   0% used [0x0b030000, 0x0b030000, 0x0bc30000)
 tenured generation   total 245336K, used 187149K [0x17000000, 0x25f96000, 0x3c800000)
   the space 245336K,  76% used [0x17000000, 0x226c3650, 0x226c3800, 0x25f96000)
 compacting perm gen  total 122880K, used 55509K [0x3c800000, 0x44000000, 0x49000000)
   the space 122880K,  45% used [0x3c800000, 0x3fe35418, 0x3fe35600, 0x44000000)
No shared spaces configured.
Event: 2533.052 GC heap after
Heap after GC invocations=279 (full 7):
 def new generation   total 110784K, used 3901K [0x04400000, 0x0bc30000, 0x17000000)
  eden space 98496K,   0% used [0x04400000, 0x04400000, 0x0a430000)
  from space 12288K,  31% used [0x0b030000, 0x0b3ff548, 0x0bc30000)
  to   space 12288K,   0% used [0x0a430000, 0x0a430000, 0x0b030000)
 tenured generation   total 245336K, used 188661K [0x17000000, 0x25f96000, 0x3c800000)
   the space 245336K,  76% used [0x17000000, 0x2283d570, 0x2283d600, 0x25f96000)
 compacting perm gen  total 122880K, used 55509K [0x3c800000, 0x44000000, 0x49000000)
   the space 122880K,  45% used [0x3c800000, 0x3fe35418, 0x3fe35600, 0x44000000)
No shared spaces configured.
}
Event: 2763.783 GC heap before
{Heap before GC invocations=279 (full 7):
 def new generation   total 110784K, used 102397K [0x04400000, 0x0bc30000, 0x17000000)
  eden space 98496K, 100% used [0x04400000, 0x0a430000, 0x0a430000)
  from space 12288K,  31% used [0x0b030000, 0x0b3ff548, 0x0bc30000)
  to   space 12288K,   0% used [0x0a430000, 0x0a430000, 0x0b030000)
 tenured generation   total 245336K, used 188661K [0x17000000, 0x25f96000, 0x3c800000)
   the space 245336K,  76% used [0x17000000, 0x2283d570, 0x2283d600, 0x25f96000)
 compacting perm gen  total 122880K, used 55509K [0x3c800000, 0x44000000, 0x49000000)
   the space 122880K,  45% used [0x3c800000, 0x3fe35458, 0x3fe35600, 0x44000000)
No shared spaces configured.
Event: 2763.805 GC heap after
Heap after GC invocations=280 (full 7):
 def new generation   total 110784K, used 4184K [0x04400000, 0x0bc30000, 0x17000000)
  eden space 98496K,   0% used [0x04400000, 0x04400000, 0x0a430000)
  from space 12288K,  34% used [0x0a430000, 0x0a8463f0, 0x0b030000)
  to   space 12288K,   0% used [0x0b030000, 0x0b030000, 0x0bc30000)
 tenured generation   total 245336K, used 188661K [0x17000000, 0x25f96000, 0x3c800000)
   the space 245336K,  76% used [0x17000000, 0x2283d570, 0x2283d600, 0x25f96000)
 compacting perm gen  total 122880K, used 55509K [0x3c800000, 0x44000000, 0x49000000)
   the space 122880K,  45% used [0x3c800000, 0x3fe35458, 0x3fe35600, 0x44000000)
No shared spaces configured.
}
Event: 2911.201 GC heap before
{Heap before GC invocations=280 (full 7):
 def new generation   total 110784K, used 102680K [0x04400000, 0x0bc30000, 0x17000000)
  eden space 98496K, 100% used [0x04400000, 0x0a430000, 0x0a430000)
  from space 12288K,  34% used [0x0a430000, 0x0a8463f0, 0x0b030000)
  to   space 12288K,   0% used [0x0b030000, 0x0b030000, 0x0bc30000)
 tenured generation   total 245336K, used 188661K [0x17000000, 0x25f96000, 0x3c800000)
   the space 245336K,  76% used [0x17000000, 0x2283d570, 0x2283d600, 0x25f96000)
 compacting perm gen  total 122880K, used 56227K [0x3c800000, 0x44000000, 0x49000000)
   the space 122880K,  45% used [0x3c800000, 0x3fee8c08, 0x3fee8e00, 0x44000000)
No shared spaces configured.
Event: 2911.214 GC heap after
Heap after GC invocations=281 (full 7):
 def new generation   total 110784K, used 3919K [0x04400000, 0x0bc30000, 0x17000000)
  eden space 98496K,   0% used [0x04400000, 0x04400000, 0x0a430000)
  from space 12288K,  31% used [0x0b030000, 0x0b403ea0, 0x0bc30000)
  to   space 12288K,   0% used [0x0a430000, 0x0a430000, 0x0b030000)
 tenured generation   total 245336K, used 188661K [0x17000000, 0x25f96000, 0x3c800000)
   the space 245336K,  76% used [0x17000000, 0x2283d570, 0x2283d600, 0x25f96000)
 compacting perm gen  total 122880K, used 56227K [0x3c800000, 0x44000000, 0x49000000)
   the space 122880K,  45% used [0x3c800000, 0x3fee8c08, 0x3fee8e00, 0x44000000)
No shared spaces configured.
}
Event: 3094.870 GC heap before
{Heap before GC invocations=281 (full 7):
 def new generation   total 110784K, used 102415K [0x04400000, 0x0bc30000, 0x17000000)
  eden space 98496K, 100% used [0x04400000, 0x0a430000, 0x0a430000)
  from space 12288K,  31% used [0x0b030000, 0x0b403ea0, 0x0bc30000)
  to   space 12288K,   0% used [0x0a430000, 0x0a430000, 0x0b030000)
 tenured generation   total 245336K, used 188661K [0x17000000, 0x25f96000, 0x3c800000)
   the space 245336K,  76% used [0x17000000, 0x2283d570, 0x2283d600, 0x25f96000)
 compacting perm gen  total 122880K, used 57693K [0x3c800000, 0x44000000, 0x49000000)
   the space 122880K,  46% used [0x3c800000, 0x40057468, 0x40057600, 0x44000000)
No shared spaces configured.
Event: 3094.885 GC heap after
Heap after GC invocations=282 (full 7):
 def new generation   total 110784K, used 4690K [0x04400000, 0x0bc30000, 0x17000000)
  eden space 98496K,   0% used [0x04400000, 0x04400000, 0x0a430000)
  from space 12288K,  38% used [0x0a430000, 0x0a8c4a28, 0x0b030000)
  to   space 12288K,   0% used [0x0b030000, 0x0b030000, 0x0bc30000)
 tenured generation   total 245336K, used 189320K [0x17000000, 0x25f96000, 0x3c800000)
   the space 245336K,  77% used [0x17000000, 0x228e23a8, 0x228e2400, 0x25f96000)
 compacting perm gen  total 122880K, used 57693K [0x3c800000, 0x44000000, 0x49000000)
   the space 122880K,  46% used [0x3c800000, 0x40057468, 0x40057600, 0x44000000)
No shared spaces configured.
}

