# JRE version: Java(TM) SE Runtime Environment (7.0_67-b01) (build 1.7.0_67-b01)
# Java VM: Java HotSpot(TM) Client VM (24.65-b04 mixed mode windows-x86 )
Heap
 def new generation   total 161408K, used 45955K [0x04400000, 0x0f320000, 0x17000000)
  eden space 143488K,  27% used [0x04400000, 0x06afac20, 0x0d020000)
  from space 17920K,  33% used [0x0d020000, 0x0d606350, 0x0e1a0000)
  to   space 17920K,   0% used [0x0e1a0000, 0x0e1a0000, 0x0f320000)
 tenured generation   total 357388K, used 208639K [0x17000000, 0x2cd03000, 0x3c800000)
   the space 357388K,  58% used [0x17000000, 0x23bbfdc8, 0x23bbfe00, 0x2cd03000)
 compacting perm gen  total 122880K, used 71348K [0x3c800000, 0x44000000, 0x49000000)
   the space 122880K,  58% used [0x3c800000, 0x40dad3e8, 0x40dad400, 0x44000000)
GC Heap History (10 events):
Event: 24450.112 GC heap before
{Heap before GC invocations=627 (full 13):
 def new generation   total 161408K, used 149171K [0x04400000, 0x0f320000, 0x17000000)
  eden space 143488K, 100% used [0x04400000, 0x0d020000, 0x0d020000)
  from space 17920K,  31% used [0x0e1a0000, 0x0e72cf58, 0x0f320000)
  to   space 17920K,   0% used [0x0d020000, 0x0d020000, 0x0e1a0000)
 tenured generation   total 357388K, used 208592K [0x17000000, 0x2cd03000, 0x3c800000)
   the space 357388K,  58% used [0x17000000, 0x23bb4170, 0x23bb4200, 0x2cd03000)
 compacting perm gen  total 122880K, used 71348K [0x3c800000, 0x44000000, 0x49000000)
   the space 122880K,  58% used [0x3c800000, 0x40dad3e8, 0x40dad400, 0x44000000)
No shared spaces configured.
Event: 24450.126 GC heap after
Heap after GC invocations=628 (full 13):
 def new generation   total 161408K, used 5906K [0x04400000, 0x0f320000, 0x17000000)
  eden space 143488K,   0% used [0x04400000, 0x04400000, 0x0d020000)
  from space 17920K,  32% used [0x0d020000, 0x0d5e4870, 0x0e1a0000)
  to   space 17920K,   0% used [0x0e1a0000, 0x0e1a0000, 0x0f320000)
 tenured generation   total 357388K, used 208592K [0x17000000, 0x2cd03000, 0x3c800000)
   the space 357388K,  58% used [0x17000000, 0x23bb4170, 0x23bb4200, 0x2cd03000)
 compacting perm gen  total 122880K, used 71348K [0x3c800000, 0x44000000, 0x49000000)
   the space 122880K,  58% used [0x3c800000, 0x40dad3e8, 0x40dad400, 0x44000000)
No shared spaces configured.
}
Event: 24654.259 GC heap before
{Heap before GC invocations=628 (full 13):
 def new generation   total 161408K, used 149394K [0x04400000, 0x0f320000, 0x17000000)
  eden space 143488K, 100% used [0x04400000, 0x0d020000, 0x0d020000)
  from space 17920K,  32% used [0x0d020000, 0x0d5e4870, 0x0e1a0000)
  to   space 17920K,   0% used [0x0e1a0000, 0x0e1a0000, 0x0f320000)
 tenured generation   total 357388K, used 208592K [0x17000000, 0x2cd03000, 0x3c800000)
   the space 357388K,  58% used [0x17000000, 0x23bb4170, 0x23bb4200, 0x2cd03000)
 compacting perm gen  total 122880K, used 71348K [0x3c800000, 0x44000000, 0x49000000)
   the space 122880K,  58% used [0x3c800000, 0x40dad3e8, 0x40dad400, 0x44000000)
No shared spaces configured.
Event: 24654.279 GC heap after
Heap after GC invocations=629 (full 13):
 def new generation   total 161408K, used 6863K [0x04400000, 0x0f320000, 0x17000000)
  eden space 143488K,   0% used [0x04400000, 0x04400000, 0x0d020000)
  from space 17920K,  38% used [0x0e1a0000, 0x0e853c28, 0x0f320000)
  to   space 17920K,   0% used [0x0d020000, 0x0d020000, 0x0e1a0000)
 tenured generation   total 357388K, used 208592K [0x17000000, 0x2cd03000, 0x3c800000)
   the space 357388K,  58% used [0x17000000, 0x23bb4170, 0x23bb4200, 0x2cd03000)
 compacting perm gen  total 122880K, used 71348K [0x3c800000, 0x44000000, 0x49000000)
   the space 122880K,  58% used [0x3c800000, 0x40dad3e8, 0x40dad400, 0x44000000)
No shared spaces configured.
}
Event: 24734.630 GC heap before
{Heap before GC invocations=629 (full 13):
 def new generation   total 161408K, used 150351K [0x04400000, 0x0f320000, 0x17000000)
  eden space 143488K, 100% used [0x04400000, 0x0d020000, 0x0d020000)
  from space 17920K,  38% used [0x0e1a0000, 0x0e853c28, 0x0f320000)
  to   space 17920K,   0% used [0x0d020000, 0x0d020000, 0x0e1a0000)
 tenured generation   total 357388K, used 208592K [0x17000000, 0x2cd03000, 0x3c800000)
   the space 357388K,  58% used [0x17000000, 0x23bb4170, 0x23bb4200, 0x2cd03000)
 compacting perm gen  total 122880K, used 71348K [0x3c800000, 0x44000000, 0x49000000)
   the space 122880K,  58% used [0x3c800000, 0x40dad3e8, 0x40dad400, 0x44000000)
No shared spaces configured.
Event: 24734.645 GC heap after
Heap after GC invocations=630 (full 13):
 def new generation   total 161408K, used 6999K [0x04400000, 0x0f320000, 0x17000000)
  eden space 143488K,   0% used [0x04400000, 0x04400000, 0x0d020000)
  from space 17920K,  39% used [0x0d020000, 0x0d6f5f60, 0x0e1a0000)
  to   space 17920K,   0% used [0x0e1a0000, 0x0e1a0000, 0x0f320000)
 tenured generation   total 357388K, used 208638K [0x17000000, 0x2cd03000, 0x3c800000)
   the space 357388K,  58% used [0x17000000, 0x23bbfbc0, 0x23bbfc00, 0x2cd03000)
 compacting perm gen  total 122880K, used 71348K [0x3c800000, 0x44000000, 0x49000000)
   the space 122880K,  58% used [0x3c800000, 0x40dad3e8, 0x40dad400, 0x44000000)
No shared spaces configured.
}
Event: 24746.651 GC heap before
{Heap before GC invocations=630 (full 13):
 def new generation   total 161408K, used 150487K [0x04400000, 0x0f320000, 0x17000000)
  eden space 143488K, 100% used [0x04400000, 0x0d020000, 0x0d020000)
  from space 17920K,  39% used [0x0d020000, 0x0d6f5f60, 0x0e1a0000)
  to   space 17920K,   0% used [0x0e1a0000, 0x0e1a0000, 0x0f320000)
 tenured generation   total 357388K, used 208638K [0x17000000, 0x2cd03000, 0x3c800000)
   the space 357388K,  58% used [0x17000000, 0x23bbfbc0, 0x23bbfc00, 0x2cd03000)
 compacting perm gen  total 122880K, used 71348K [0x3c800000, 0x44000000, 0x49000000)
   the space 122880K,  58% used [0x3c800000, 0x40dad3e8, 0x40dad400, 0x44000000)
No shared spaces configured.
Event: 24746.664 GC heap after
Heap after GC invocations=631 (full 13):
 def new generation   total 161408K, used 5939K [0x04400000, 0x0f320000, 0x17000000)
  eden space 143488K,   0% used [0x04400000, 0x04400000, 0x0d020000)
  from space 17920K,  33% used [0x0e1a0000, 0x0e76cf30, 0x0f320000)
  to   space 17920K,   0% used [0x0d020000, 0x0d020000, 0x0e1a0000)
 tenured generation   total 357388K, used 208639K [0x17000000, 0x2cd03000, 0x3c800000)
   the space 357388K,  58% used [0x17000000, 0x23bbfdc8, 0x23bbfe00, 0x2cd03000)
 compacting perm gen  total 122880K, used 71348K [0x3c800000, 0x44000000, 0x49000000)
   the space 122880K,  58% used [0x3c800000, 0x40dad3e8, 0x40dad400, 0x44000000)
No shared spaces configured.
}
Event: 24754.814 GC heap before
{Heap before GC invocations=631 (full 13):
 def new generation   total 161408K, used 149427K [0x04400000, 0x0f320000, 0x17000000)
  eden space 143488K, 100% used [0x04400000, 0x0d020000, 0x0d020000)
  from space 17920K,  33% used [0x0e1a0000, 0x0e76cf30, 0x0f320000)
  to   space 17920K,   0% used [0x0d020000, 0x0d020000, 0x0e1a0000)
 tenured generation   total 357388K, used 208639K [0x17000000, 0x2cd03000, 0x3c800000)
   the space 357388K,  58% used [0x17000000, 0x23bbfdc8, 0x23bbfe00, 0x2cd03000)
 compacting perm gen  total 122880K, used 71348K [0x3c800000, 0x44000000, 0x49000000)
   the space 122880K,  58% used [0x3c800000, 0x40dad3e8, 0x40dad400, 0x44000000)
No shared spaces configured.
Event: 24754.828 GC heap after
Heap after GC invocations=632 (full 13):
 def new generation   total 161408K, used 6040K [0x04400000, 0x0f320000, 0x17000000)
  eden space 143488K,   0% used [0x04400000, 0x04400000, 0x0d020000)
  from space 17920K,  33% used [0x0d020000, 0x0d606350, 0x0e1a0000)
  to   space 17920K,   0% used [0x0e1a0000, 0x0e1a0000, 0x0f320000)
 tenured generation   total 357388K, used 208639K [0x17000000, 0x2cd03000, 0x3c800000)
   the space 357388K,  58% used [0x17000000, 0x23bbfdc8, 0x23bbfe00, 0x2cd03000)
 compacting perm gen  total 122880K, used 71348K [0x3c800000, 0x44000000, 0x49000000)
   the space 122880K,  58% used [0x3c800000, 0x40dad3e8, 0x40dad400, 0x44000000)
No shared spaces configured.
}

