# JRE version: Java(TM) SE Runtime Environment (7.0_67-b01) (build 1.7.0_67-b01)
# Java VM: Java HotSpot(TM) Client VM (24.65-b04 mixed mode windows-x86 )
Heap
 def new generation   total 112320K, used 51501K [0x04800000, 0x0c1d0000, 0x17400000)
  eden space 99904K,  48% used [0x04800000, 0x077933e8, 0x0a990000)
  from space 12416K,  22% used [0x0a990000, 0x0ac48298, 0x0b5b0000)
  to   space 12416K,   0% used [0x0b5b0000, 0x0b5b0000, 0x0c1d0000)
 tenured generation   total 248208K, used 204913K [0x17400000, 0x26664000, 0x3cc00000)
   the space 248208K,  82% used [0x17400000, 0x23c1c4b8, 0x23c1c600, 0x26664000)
 compacting perm gen  total 122880K, used 70308K [0x3cc00000, 0x44400000, 0x49400000)
   the space 122880K,  57% used [0x3cc00000, 0x410a9188, 0x410a9200, 0x44400000)
GC Heap History (10 events):
Event: 3143.469 GC heap before
{Heap before GC invocations=338 (full 7):
 def new generation   total 112320K, used 103162K [0x04800000, 0x0c1d0000, 0x17400000)
  eden space 99904K, 100% used [0x04800000, 0x0a990000, 0x0a990000)
  from space 12416K,  26% used [0x0b5b0000, 0x0b8de840, 0x0c1d0000)
  to   space 12416K,   0% used [0x0a990000, 0x0a990000, 0x0b5b0000)
 tenured generation   total 248208K, used 204883K [0x17400000, 0x26664000, 0x3cc00000)
   the space 248208K,  82% used [0x17400000, 0x23c14e68, 0x23c15000, 0x26664000)
 compacting perm gen  total 122880K, used 70308K [0x3cc00000, 0x44400000, 0x49400000)
   the space 122880K,  57% used [0x3cc00000, 0x410a9148, 0x410a9200, 0x44400000)
No shared spaces configured.
Event: 3143.485 GC heap after
Heap after GC invocations=339 (full 7):
 def new generation   total 112320K, used 2787K [0x04800000, 0x0c1d0000, 0x17400000)
  eden space 99904K,   0% used [0x04800000, 0x04800000, 0x0a990000)
  from space 12416K,  22% used [0x0a990000, 0x0ac48c28, 0x0b5b0000)
  to   space 12416K,   0% used [0x0b5b0000, 0x0b5b0000, 0x0c1d0000)
 tenured generation   total 248208K, used 204896K [0x17400000, 0x26664000, 0x3cc00000)
   the space 248208K,  82% used [0x17400000, 0x23c18280, 0x23c18400, 0x26664000)
 compacting perm gen  total 122880K, used 70308K [0x3cc00000, 0x44400000, 0x49400000)
   the space 122880K,  57% used [0x3cc00000, 0x410a9148, 0x410a9200, 0x44400000)
No shared spaces configured.
}
Event: 3329.456 GC heap before
{Heap before GC invocations=339 (full 7):
 def new generation   total 112320K, used 102691K [0x04800000, 0x0c1d0000, 0x17400000)
  eden space 99904K, 100% used [0x04800000, 0x0a990000, 0x0a990000)
  from space 12416K,  22% used [0x0a990000, 0x0ac48c28, 0x0b5b0000)
  to   space 12416K,   0% used [0x0b5b0000, 0x0b5b0000, 0x0c1d0000)
 tenured generation   total 248208K, used 204896K [0x17400000, 0x26664000, 0x3cc00000)
   the space 248208K,  82% used [0x17400000, 0x23c18280, 0x23c18400, 0x26664000)
 compacting perm gen  total 122880K, used 70308K [0x3cc00000, 0x44400000, 0x49400000)
   the space 122880K,  57% used [0x3cc00000, 0x410a9178, 0x410a9200, 0x44400000)
No shared spaces configured.
Event: 3329.469 GC heap after
Heap after GC invocations=340 (full 7):
 def new generation   total 112320K, used 4011K [0x04800000, 0x0c1d0000, 0x17400000)
  eden space 99904K,   0% used [0x04800000, 0x04800000, 0x0a990000)
  from space 12416K,  32% used [0x0b5b0000, 0x0b99ae40, 0x0c1d0000)
  to   space 12416K,   0% used [0x0a990000, 0x0a990000, 0x0b5b0000)
 tenured generation   total 248208K, used 204897K [0x17400000, 0x26664000, 0x3cc00000)
   the space 248208K,  82% used [0x17400000, 0x23c185e8, 0x23c18600, 0x26664000)
 compacting perm gen  total 122880K, used 70308K [0x3cc00000, 0x44400000, 0x49400000)
   the space 122880K,  57% used [0x3cc00000, 0x410a9178, 0x410a9200, 0x44400000)
No shared spaces configured.
}
Event: 3377.366 GC heap before
{Heap before GC invocations=340 (full 7):
 def new generation   total 112320K, used 103915K [0x04800000, 0x0c1d0000, 0x17400000)
  eden space 99904K, 100% used [0x04800000, 0x0a990000, 0x0a990000)
  from space 12416K,  32% used [0x0b5b0000, 0x0b99ae40, 0x0c1d0000)
  to   space 12416K,   0% used [0x0a990000, 0x0a990000, 0x0b5b0000)
 tenured generation   total 248208K, used 204897K [0x17400000, 0x26664000, 0x3cc00000)
   the space 248208K,  82% used [0x17400000, 0x23c185e8, 0x23c18600, 0x26664000)
 compacting perm gen  total 122880K, used 70308K [0x3cc00000, 0x44400000, 0x49400000)
   the space 122880K,  57% used [0x3cc00000, 0x410a9178, 0x410a9200, 0x44400000)
No shared spaces configured.
Event: 3377.376 GC heap after
Heap after GC invocations=341 (full 7):
 def new generation   total 112320K, used 3269K [0x04800000, 0x0c1d0000, 0x17400000)
  eden space 99904K,   0% used [0x04800000, 0x04800000, 0x0a990000)
  from space 12416K,  26% used [0x0a990000, 0x0acc1778, 0x0b5b0000)
  to   space 12416K,   0% used [0x0b5b0000, 0x0b5b0000, 0x0c1d0000)
 tenured generation   total 248208K, used 204897K [0x17400000, 0x26664000, 0x3cc00000)
   the space 248208K,  82% used [0x17400000, 0x23c185e8, 0x23c18600, 0x26664000)
 compacting perm gen  total 122880K, used 70308K [0x3cc00000, 0x44400000, 0x49400000)
   the space 122880K,  57% used [0x3cc00000, 0x410a9178, 0x410a9200, 0x44400000)
No shared spaces configured.
}
Event: 3388.407 GC heap before
{Heap before GC invocations=341 (full 7):
 def new generation   total 112320K, used 103173K [0x04800000, 0x0c1d0000, 0x17400000)
  eden space 99904K, 100% used [0x04800000, 0x0a990000, 0x0a990000)
  from space 12416K,  26% used [0x0a990000, 0x0acc1778, 0x0b5b0000)
  to   space 12416K,   0% used [0x0b5b0000, 0x0b5b0000, 0x0c1d0000)
 tenured generation   total 248208K, used 204897K [0x17400000, 0x26664000, 0x3cc00000)
   the space 248208K,  82% used [0x17400000, 0x23c185e8, 0x23c18600, 0x26664000)
 compacting perm gen  total 122880K, used 70308K [0x3cc00000, 0x44400000, 0x49400000)
   the space 122880K,  57% used [0x3cc00000, 0x410a9178, 0x410a9200, 0x44400000)
No shared spaces configured.
Event: 3388.416 GC heap after
Heap after GC invocations=342 (full 7):
 def new generation   total 112320K, used 3043K [0x04800000, 0x0c1d0000, 0x17400000)
  eden space 99904K,   0% used [0x04800000, 0x04800000, 0x0a990000)
  from space 12416K,  24% used [0x0b5b0000, 0x0b8a8c60, 0x0c1d0000)
  to   space 12416K,   0% used [0x0a990000, 0x0a990000, 0x0b5b0000)
 tenured generation   total 248208K, used 204905K [0x17400000, 0x26664000, 0x3cc00000)
   the space 248208K,  82% used [0x17400000, 0x23c1a500, 0x23c1a600, 0x26664000)
 compacting perm gen  total 122880K, used 70308K [0x3cc00000, 0x44400000, 0x49400000)
   the space 122880K,  57% used [0x3cc00000, 0x410a9178, 0x410a9200, 0x44400000)
No shared spaces configured.
}
Event: 3449.448 GC heap before
{Heap before GC invocations=342 (full 7):
 def new generation   total 112320K, used 102947K [0x04800000, 0x0c1d0000, 0x17400000)
  eden space 99904K, 100% used [0x04800000, 0x0a990000, 0x0a990000)
  from space 12416K,  24% used [0x0b5b0000, 0x0b8a8c60, 0x0c1d0000)
  to   space 12416K,   0% used [0x0a990000, 0x0a990000, 0x0b5b0000)
 tenured generation   total 248208K, used 204905K [0x17400000, 0x26664000, 0x3cc00000)
   the space 248208K,  82% used [0x17400000, 0x23c1a500, 0x23c1a600, 0x26664000)
 compacting perm gen  total 122880K, used 70308K [0x3cc00000, 0x44400000, 0x49400000)
   the space 122880K,  57% used [0x3cc00000, 0x410a9178, 0x410a9200, 0x44400000)
No shared spaces configured.
Event: 3449.457 GC heap after
Heap after GC invocations=343 (full 7):
 def new generation   total 112320K, used 2784K [0x04800000, 0x0c1d0000, 0x17400000)
  eden space 99904K,   0% used [0x04800000, 0x04800000, 0x0a990000)
  from space 12416K,  22% used [0x0a990000, 0x0ac48298, 0x0b5b0000)
  to   space 12416K,   0% used [0x0b5b0000, 0x0b5b0000, 0x0c1d0000)
 tenured generation   total 248208K, used 204913K [0x17400000, 0x26664000, 0x3cc00000)
   the space 248208K,  82% used [0x17400000, 0x23c1c4b8, 0x23c1c600, 0x26664000)
 compacting perm gen  total 122880K, used 70308K [0x3cc00000, 0x44400000, 0x49400000)
   the space 122880K,  57% used [0x3cc00000, 0x410a9178, 0x410a9200, 0x44400000)
No shared spaces configured.
}

